<?xml version="1.0" encoding="UTF-8"?>
<!-- Generated by org.testng.reporters.JUnitReportReporter -->
<testsuite hostname="vijay" failures="0" tests="4" name="test.Ts_01" time="3.763" errors="0" timestamp="2026-03-10T16:06:13 IST" skipped="0">
  <testcase classname="test.Ts_01" name="tc_01" time="2.024"/>
  <testcase classname="test.Ts_01" name="tc_01" time="0.817"/>
  <testcase classname="test.Ts_01" name="tc_01" time="0.478"/>
  <testcase classname="test.Ts_01" name="tc_01" time="0.444"/>
</testsuite> <!-- test.Ts_01 -->
