<?xml version="1.0" encoding="UTF-8"?>
<!-- Generated by org.testng.reporters.JUnitReportReporter -->
<testsuite hostname="vijay" failures="0" tests="3" name="test.LoginTest" time="6.949" errors="0" timestamp="2026-03-05T10:28:09 IST" skipped="0">
  <testcase classname="test.LoginTest" name="validTest1" time="3.708"/>
  <testcase classname="test.LoginTest" name="validTest2" time="3.113"/>
  <testcase classname="test.LoginTest" name="validTest3" time="0.128"/>
</testsuite> <!-- test.LoginTest -->
