<?xml version="1.0" encoding="UTF-8"?>
<!-- Generated by org.testng.reporters.JUnitReportReporter -->
<testsuite hostname="vijay" failures="0" tests="6" name="test.negativeInvalidUser" time="1.038" errors="0" timestamp="2026-03-05T11:57:31 IST" skipped="0">
  <testcase classname="test.negativeInvalidUser" name="invalidTest1" time="0.599"/>
  <testcase classname="test.negativeInvalidUser" name="invalidTest2" time="0.158"/>
  <testcase classname="test.negativeInvalidUser" name="invalidTest3" time="0.098"/>
  <testcase classname="test.negativeInvalidUser" name="invalidTest4" time="0.070"/>
  <testcase classname="test.negativeInvalidUser" name="invalidTest5" time="0.078"/>
  <testcase classname="test.negativeInvalidUser" name="invalidTest" time="0.035"/>
</testsuite> <!-- test.negativeInvalidUser -->
