<?xml version="1.0" encoding="UTF-8"?>
<!-- Generated by org.testng.reporters.JUnitReportReporter -->
<testsuite hostname="vijay" failures="0" tests="6" name="test.NegativePassword" time="2.895" errors="0" timestamp="2026-03-05T11:50:45 IST" skipped="0">
  <testcase classname="test.NegativePassword" name="invalidTest1" time="2.458"/>
  <testcase classname="test.NegativePassword" name="invalidTest2" time="0.164"/>
  <testcase classname="test.NegativePassword" name="invalidTest3" time="0.081"/>
  <testcase classname="test.NegativePassword" name="invalidTest4" time="0.079"/>
  <testcase classname="test.NegativePassword" name="invalidTest5" time="0.081"/>
  <testcase classname="test.NegativePassword" name="invalidTest" time="0.032"/>
</testsuite> <!-- test.NegativePassword -->
