<?xml version="1.0" encoding="UTF-8"?>
<!-- Generated by org.testng.reporters.JUnitReportReporter -->
<testsuite hostname="vijay" failures="0" tests="7" name="test.LoginTest2" time="2.036" errors="0" timestamp="2026-03-05T11:55:48 IST" skipped="0">
  <testcase classname="test.LoginTest2" name="validTest1" time="0.516"/>
  <testcase classname="test.LoginTest2" name="validTest2" time="0.182"/>
  <testcase classname="test.LoginTest2" name="validTest3" time="0.079"/>
  <testcase classname="test.LoginTest2" name="validTest" time="1.141"/>
  <testcase classname="test.LoginTest2" name="validTest4" time="0.021"/>
  <testcase classname="test.LoginTest2" name="validTest5" time="0.047"/>
  <testcase classname="test.LoginTest2" name="validTest6" time="0.050"/>
</testsuite> <!-- test.LoginTest2 -->
