<?xml version="1.0" encoding="UTF-8"?>
<!-- Generated by org.testng.reporters.JUnitReportReporter -->
<testsuite hostname="vijay" failures="0" tests="6" name="test.LoginTest3" time="2.210" errors="0" timestamp="2026-03-05T11:45:01 IST" skipped="0">
  <testcase classname="test.LoginTest3" name="invalidTest1" time="1.825"/>
  <testcase classname="test.LoginTest3" name="invalidTest2" time="0.118"/>
  <testcase classname="test.LoginTest3" name="invalidTest3" time="0.063"/>
  <testcase classname="test.LoginTest3" name="invalidTest4" time="0.088"/>
  <testcase classname="test.LoginTest3" name="invalidTest5" time="0.087"/>
  <testcase classname="test.LoginTest3" name="invalidTest" time="0.029"/>
</testsuite> <!-- test.LoginTest3 -->
