<?xml version="1.0" encoding="UTF-8"?>
<!-- Generated by org.testng.reporters.JUnitReportReporter -->
<testsuite hostname="vijay" failures="0" tests="6" name="test.NegativeInvalidPassword" time="1.829" errors="0" timestamp="2026-03-11T12:56:14 IST" skipped="0">
  <testcase classname="test.NegativeInvalidPassword" name="invalidTest1" time="0.995"/>
  <testcase classname="test.NegativeInvalidPassword" name="invalidTest2" time="0.301"/>
  <testcase classname="test.NegativeInvalidPassword" name="invalidTest3" time="0.148"/>
  <testcase classname="test.NegativeInvalidPassword" name="invalidTest4" time="0.218"/>
  <testcase classname="test.NegativeInvalidPassword" name="invalidTest5" time="0.086"/>
  <testcase classname="test.NegativeInvalidPassword" name="invalidTest" time="0.081"/>
</testsuite> <!-- test.NegativeInvalidPassword -->
