<?xml version="1.0" encoding="UTF-8"?>
<!-- Generated by org.testng.reporters.JUnitXMLReporter -->
<testsuite ignored="0" hostname="vijay" failures="3" tests="4" name="testA" time="0.141" errors="0" timestamp="2026-03-12T15:02:42 IST">
  <testcase classname="testcases.Sample" name="a" time="0.027">
    <failure type="java.lang.AssertionError" message="expected [20] but found [10]">
      <![CDATA[java.lang.AssertionError: expected [20] but found [10]
at testcases.Sample.a(Sample.java:14)
at java.base/java.util.ArrayList.forEach(ArrayList.java:1597)
... Removed 32 stack frames]]>
    </failure>
  </testcase> <!-- a -->
  <testcase classname="testcases.Sample" name="b" time="0.002">
    <failure type="java.lang.AssertionError" message="expected [20] but found [10]">
      <![CDATA[java.lang.AssertionError: expected [20] but found [10]
at testcases.Sample.b(Sample.java:23)
at java.base/java.util.ArrayList.forEach(ArrayList.java:1597)
... Removed 32 stack frames]]>
    </failure>
  </testcase> <!-- b -->
  <testcase classname="testcases.Sample" name="c" time="0.003">
    <failure type="java.lang.AssertionError" message="expected [20] but found [10]">
      <![CDATA[java.lang.AssertionError: expected [20] but found [10]
at testcases.Sample.c(Sample.java:31)
at java.base/java.util.ArrayList.forEach(ArrayList.java:1597)
... Removed 32 stack frames]]>
    </failure>
  </testcase> <!-- c -->
  <testcase classname="testcases.Sample" name="d" time="0.0">
    <skipped/>
  </testcase> <!-- d -->
</testsuite> <!-- testA -->
